2023-09-12T14:37:35.988Z    +59ms [debug] Config loaded {"version":"2.24.27","cdkVersion":"2.91.0","constructsVersion":"10.2.69","config":{"name":"my-app-sst","region":"us-east-1","stage":"arntminzaw","ssmPrefix":"/sst/my-app-sst/arntminzaw/"},"metafile":{"inputs":{"sst.config.ts":{"bytes":214,"imports":[{"path":"sst","kind":"import-statement","external":true},{"path":"sst/constructs","kind":"import-statement","external":true}],"format":"esm"}},"outputs":{".sst.config.1694529455937.mjs":{"imports":[],"exports":["default"],"entryPoint":"sst.config.ts","inputs":{"sst.config.ts":{"bytesInOutput":125}},"bytes":307}}},"paths":{"config":"/Users/arntminzaw/Documents/Developer/my-app-sst/sst.config.ts","root":"/Users/arntminzaw/Documents/Developer/my-app-sst","out":"/Users/arntminzaw/Documents/Developer/my-app-sst/.sst","artifacts":"/Users/arntminzaw/Documents/Developer/my-app-sst/.sst/artifacts"}}
2023-09-12T14:37:37.497Z  +1509ms [debug] Using AWS profile 
2023-09-12T14:37:37.516Z    +19ms [debug] Created AWS client IoTClient
2023-09-12T14:37:37.516Z     +0ms [debug] Getting IoT endpoint
2023-09-12T14:37:38.644Z  +1128ms [debug] Using IoT endpoint: a2yvrq9tk7671v-ats.iot.us-east-1.amazonaws.com
2023-09-12T14:37:38.645Z     +1ms [debug] Initializing bootstrap context
2023-09-12T14:37:38.646Z     +1ms [debug] Created AWS client CloudFormationClient
2023-09-12T14:37:40.299Z  +1653ms [debug] Loaded bootstrap status
2023-09-12T14:37:40.300Z     +1ms [debug] Bootstrap context initialized {"status":"ready","version":"7.2","bucket":"sstbootstrap-useast124d14e4b-ounnwsrkvmdb"}
2023-09-12T14:37:40.301Z     +1ms [debug] Created AWS client S3Client
2023-09-12T14:37:40.351Z    +50ms [debug] Synthesizing stacks...
2023-09-12T14:37:40.371Z    +20ms [debug] Created AWS client STSClient
2023-09-12T14:37:41.460Z  +1089ms [debug] IoT connected
2023-09-12T14:37:42.572Z  +1112ms [debug] Using identity Account: 275941591391 User: AIDAUAP3GRFPXYGQLLGHI
2023-09-12T14:37:42.649Z    +77ms [debug] Generating types in /Users/arntminzaw/Documents/Developer/my-app-sst/.sst/types
2023-09-12T14:37:42.650Z     +1ms [debug] Running 1 deferred tasks with concurrency: 7
2023-09-12T14:37:42.736Z    +86ms [debug] 
2023-09-12T14:37:42.736Z     +0ms [debug] Loading v2 AWS SDK
2023-09-12T14:37:42.736Z     +0ms [debug] Finished synthesizing
2023-09-12T14:37:43.955Z  +1219ms [debug] Created AWS client LambdaClient
2023-09-12T14:37:45.576Z  +1621ms [debug] Failed to assume arn:aws:iam::275941591391:role/arntminzaw-my-app-sst-Sit-siteServerFunctionServic-ZT7OQHEW929W. {"name":"AccessDenied","$fault":"client","$metadata":{"httpStatusCode":403,"requestId":"8e48e4ba-14df-4dcc-88fb-b467878e0df7","attempts":1,"totalRetryDelay":0},"Type":"Sender","Code":"AccessDenied","message":"User: arn:aws:iam::275941591391:user/arnt is not authorized to perform: sts:AssumeRole on resource: arn:aws:iam::275941591391:role/arntminzaw-my-app-sst-Sit-siteServerFunctionServic-ZT7OQHEW929W"}
